2021-04-04 00:02:20,583 Starting new HTTPS connection (1): www.youtube.com:443
2021-04-04 00:02:20,689 https://www.youtube.com:443 "GET /watch?v=7qWZTmskDBA HTTP/1.1" 200 None
2021-04-04 00:02:20,907 Starting new HTTPS connection (1): www.youtube.com:443
2021-04-04 00:02:21,122 https://www.youtube.com:443 "GET /api/timedtext?v=7qWZTmskDBA&asr_langs=de,en,es,fr,it,ja,ko,nl,pt,ru&caps=asr&exp=xftt&xorp=true&xoaf=5&hl=en&ip=0.0.0.0&ipbits=0&expire=1617534141&sparams=ip,ipbits,expire,v,asr_langs,caps,exp,xorp,xoaf&signature=6BEA260D49C5CF43899A31F06CBD2CEA36AA238B.E686B91E2A92B7E23298B4C1F154FB0A262635B5&key=yt8&kind=asr&lang=en HTTP/1.1" 200 None
2021-04-04 00:02:21,125 Starting new HTTPS connection (1): iam.cloud.ibm.com:443
2021-04-04 00:02:21,757 https://iam.cloud.ibm.com:443 "POST /identity/token HTTP/1.1" 200 1145
2021-04-04 00:02:21,761 Starting new HTTPS connection (1): api.us-east.tone-analyzer.watson.cloud.ibm.com:443
2021-04-04 00:02:22,335 https://api.us-east.tone-analyzer.watson.cloud.ibm.com:443 "POST /instances/6232e289-7948-40ca-9205-bd8d98f5a847/v3/tone?version=2017-09-21 HTTP/1.1" 200 94
2021-04-04 00:02:22,576 https://api.us-east.tone-analyzer.watson.cloud.ibm.com:443 "POST /instances/6232e289-7948-40ca-9205-bd8d98f5a847/v3/tone?version=2017-09-21 HTTP/1.1" 200 161
2021-04-04 00:02:22,914 https://api.us-east.tone-analyzer.watson.cloud.ibm.com:443 "POST /instances/6232e289-7948-40ca-9205-bd8d98f5a847/v3/tone?version=2017-09-21 HTTP/1.1" 200 30
2021-04-04 00:02:23,113 https://api.us-east.tone-analyzer.watson.cloud.ibm.com:443 "POST /instances/6232e289-7948-40ca-9205-bd8d98f5a847/v3/tone?version=2017-09-21 HTTP/1.1" 200 94
2021-04-04 00:02:23,331 https://api.us-east.tone-analyzer.watson.cloud.ibm.com:443 "POST /instances/6232e289-7948-40ca-9205-bd8d98f5a847/v3/tone?version=2017-09-21 HTTP/1.1" 200 94
2021-04-04 00:02:23,585 https://api.us-east.tone-analyzer.watson.cloud.ibm.com:443 "POST /instances/6232e289-7948-40ca-9205-bd8d98f5a847/v3/tone?version=2017-09-21 HTTP/1.1" 200 90
2021-04-04 00:02:23,800 https://api.us-east.tone-analyzer.watson.cloud.ibm.com:443 "POST /instances/6232e289-7948-40ca-9205-bd8d98f5a847/v3/tone?version=2017-09-21 HTTP/1.1" 200 30
2021-04-04 00:02:24,010 https://api.us-east.tone-analyzer.watson.cloud.ibm.com:443 "POST /instances/6232e289-7948-40ca-9205-bd8d98f5a847/v3/tone?version=2017-09-21 HTTP/1.1" 200 30
2021-04-04 00:02:24,229 https://api.us-east.tone-analyzer.watson.cloud.ibm.com:443 "POST /instances/6232e289-7948-40ca-9205-bd8d98f5a847/v3/tone?version=2017-09-21 HTTP/1.1" 200 30
2021-04-04 00:02:24,459 https://api.us-east.tone-analyzer.watson.cloud.ibm.com:443 "POST /instances/6232e289-7948-40ca-9205-bd8d98f5a847/v3/tone?version=2017-09-21 HTTP/1.1" 200 149
2021-04-04 00:02:24,635 https://api.us-east.tone-analyzer.watson.cloud.ibm.com:443 "POST /instances/6232e289-7948-40ca-9205-bd8d98f5a847/v3/tone?version=2017-09-21 HTTP/1.1" 200 30
2021-04-04 00:02:24,950 https://api.us-east.tone-analyzer.watson.cloud.ibm.com:443 "POST /instances/6232e289-7948-40ca-9205-bd8d98f5a847/v3/tone?version=2017-09-21 HTTP/1.1" 200 86
2021-04-04 00:02:25,184 https://api.us-east.tone-analyzer.watson.cloud.ibm.com:443 "POST /instances/6232e289-7948-40ca-9205-bd8d98f5a847/v3/tone?version=2017-09-21 HTTP/1.1" 200 30
2021-04-04 00:02:25,429 https://api.us-east.tone-analyzer.watson.cloud.ibm.com:443 "POST /instances/6232e289-7948-40ca-9205-bd8d98f5a847/v3/tone?version=2017-09-21 HTTP/1.1" 200 30
2021-04-04 00:02:25,681 https://api.us-east.tone-analyzer.watson.cloud.ibm.com:443 "POST /instances/6232e289-7948-40ca-9205-bd8d98f5a847/v3/tone?version=2017-09-21 HTTP/1.1" 200 96
2021-04-04 00:02:25,889 https://api.us-east.tone-analyzer.watson.cloud.ibm.com:443 "POST /instances/6232e289-7948-40ca-9205-bd8d98f5a847/v3/tone?version=2017-09-21 HTTP/1.1" 200 30
2021-04-04 00:02:26,102 https://api.us-east.tone-analyzer.watson.cloud.ibm.com:443 "POST /instances/6232e289-7948-40ca-9205-bd8d98f5a847/v3/tone?version=2017-09-21 HTTP/1.1" 200 151
2021-04-04 00:02:26,328 https://api.us-east.tone-analyzer.watson.cloud.ibm.com:443 "POST /instances/6232e289-7948-40ca-9205-bd8d98f5a847/v3/tone?version=2017-09-21 HTTP/1.1" 200 96
2021-04-04 00:02:26,554 https://api.us-east.tone-analyzer.watson.cloud.ibm.com:443 "POST /instances/6232e289-7948-40ca-9205-bd8d98f5a847/v3/tone?version=2017-09-21 HTTP/1.1" 200 161
2021-04-04 00:02:26,765 https://api.us-east.tone-analyzer.watson.cloud.ibm.com:443 "POST /instances/6232e289-7948-40ca-9205-bd8d98f5a847/v3/tone?version=2017-09-21 HTTP/1.1" 200 147
2021-04-04 00:02:27,010 https://api.us-east.tone-analyzer.watson.cloud.ibm.com:443 "POST /instances/6232e289-7948-40ca-9205-bd8d98f5a847/v3/tone?version=2017-09-21 HTTP/1.1" 200 30
2021-04-04 00:02:27,265 https://api.us-east.tone-analyzer.watson.cloud.ibm.com:443 "POST /instances/6232e289-7948-40ca-9205-bd8d98f5a847/v3/tone?version=2017-09-21 HTTP/1.1" 200 82
2021-04-04 00:02:27,479 https://api.us-east.tone-analyzer.watson.cloud.ibm.com:443 "POST /instances/6232e289-7948-40ca-9205-bd8d98f5a847/v3/tone?version=2017-09-21 HTTP/1.1" 200 221
2021-04-04 00:02:27,738 https://api.us-east.tone-analyzer.watson.cloud.ibm.com:443 "POST /instances/6232e289-7948-40ca-9205-bd8d98f5a847/v3/tone?version=2017-09-21 HTTP/1.1" 200 94
2021-04-04 00:02:27,972 https://api.us-east.tone-analyzer.watson.cloud.ibm.com:443 "POST /instances/6232e289-7948-40ca-9205-bd8d98f5a847/v3/tone?version=2017-09-21 HTTP/1.1" 200 92
2021-04-04 00:02:28,245 https://api.us-east.tone-analyzer.watson.cloud.ibm.com:443 "POST /instances/6232e289-7948-40ca-9205-bd8d98f5a847/v3/tone?version=2017-09-21 HTTP/1.1" 200 96
2021-04-04 00:02:28,501 https://api.us-east.tone-analyzer.watson.cloud.ibm.com:443 "POST /instances/6232e289-7948-40ca-9205-bd8d98f5a847/v3/tone?version=2017-09-21 HTTP/1.1" 200 94
2021-04-04 00:02:28,846 https://api.us-east.tone-analyzer.watson.cloud.ibm.com:443 "POST /instances/6232e289-7948-40ca-9205-bd8d98f5a847/v3/tone?version=2017-09-21 HTTP/1.1" 200 94
2021-04-04 00:02:29,065 https://api.us-east.tone-analyzer.watson.cloud.ibm.com:443 "POST /instances/6232e289-7948-40ca-9205-bd8d98f5a847/v3/tone?version=2017-09-21 HTTP/1.1" 200 96
2021-04-04 00:02:29,390 https://api.us-east.tone-analyzer.watson.cloud.ibm.com:443 "POST /instances/6232e289-7948-40ca-9205-bd8d98f5a847/v3/tone?version=2017-09-21 HTTP/1.1" 200 145
2021-04-04 00:02:29,625 https://api.us-east.tone-analyzer.watson.cloud.ibm.com:443 "POST /instances/6232e289-7948-40ca-9205-bd8d98f5a847/v3/tone?version=2017-09-21 HTTP/1.1" 200 160
2021-04-04 00:02:29,943 https://api.us-east.tone-analyzer.watson.cloud.ibm.com:443 "POST /instances/6232e289-7948-40ca-9205-bd8d98f5a847/v3/tone?version=2017-09-21 HTTP/1.1" 200 157
2021-04-04 00:02:30,162 https://api.us-east.tone-analyzer.watson.cloud.ibm.com:443 "POST /instances/6232e289-7948-40ca-9205-bd8d98f5a847/v3/tone?version=2017-09-21 HTTP/1.1" 200 147
2021-04-04 00:02:30,479 https://api.us-east.tone-analyzer.watson.cloud.ibm.com:443 "POST /instances/6232e289-7948-40ca-9205-bd8d98f5a847/v3/tone?version=2017-09-21 HTTP/1.1" 200 82
2021-04-04 00:02:30,650 https://api.us-east.tone-analyzer.watson.cloud.ibm.com:443 "POST /instances/6232e289-7948-40ca-9205-bd8d98f5a847/v3/tone?version=2017-09-21 HTTP/1.1" 200 30
2021-04-04 00:02:30,943 https://api.us-east.tone-analyzer.watson.cloud.ibm.com:443 "POST /instances/6232e289-7948-40ca-9205-bd8d98f5a847/v3/tone?version=2017-09-21 HTTP/1.1" 200 90
2021-04-04 00:02:31,186 https://api.us-east.tone-analyzer.watson.cloud.ibm.com:443 "POST /instances/6232e289-7948-40ca-9205-bd8d98f5a847/v3/tone?version=2017-09-21 HTTP/1.1" 200 159
2021-04-04 00:02:31,372 https://api.us-east.tone-analyzer.watson.cloud.ibm.com:443 "POST /instances/6232e289-7948-40ca-9205-bd8d98f5a847/v3/tone?version=2017-09-21 HTTP/1.1" 200 30
2021-04-04 00:02:31,598 https://api.us-east.tone-analyzer.watson.cloud.ibm.com:443 "POST /instances/6232e289-7948-40ca-9205-bd8d98f5a847/v3/tone?version=2017-09-21 HTTP/1.1" 200 30
2021-04-04 00:02:31,799 https://api.us-east.tone-analyzer.watson.cloud.ibm.com:443 "POST /instances/6232e289-7948-40ca-9205-bd8d98f5a847/v3/tone?version=2017-09-21 HTTP/1.1" 200 30
